<?xml version="1.0" encoding="UTF-8"?>
<!-- Generated by org.testng.reporters.JUnitXMLReporter -->
<testsuite ignored="0" hostname="INBASDLP14497" failures="1" tests="1" name="HPW" time="1614.81" errors="0" timestamp="2024-03-14T10:54:33 IST">
  <testcase classname="globeOnline_HPW.TestGHPW_Mac" name="@AfterClass tearDown" time="1204.454">
    <failure type="org.openqa.selenium.TimeoutException" message="Unable to find the session info for particular sessionId defeeb04-56b3-4bab-9d08-762d77ad9a0e, maybe session has quit already or timed out. (WARNING: The server did not provide any stacktrace information)
Command duration or timeout: 0 milliseconds
Build info: version: &amp;apos;3.14.0&amp;apos;, revision: &amp;apos;aacccce0&amp;apos;, time: &amp;apos;2018-08-02T20:19:58.91Z&amp;apos;
System info: host: &amp;apos;INBASDLP14497&amp;apos;, ip: &amp;apos;10.243.208.15&amp;apos;, os.name: &amp;apos;Windows 10&amp;apos;, os.arch: &amp;apos;amd64&amp;apos;, os.version: &amp;apos;10.0&amp;apos;, java.version: &amp;apos;18.0.2.1&amp;apos;
Driver info: io.appium.java_client.ios.IOSDriver
Capabilities {appActivity: com.google.android.apps.chr..., appPackage: com.android.chrome, autoAcceptAlerts: true, autoGrantPermissions: true, browserName: Chrome, chromeOptions: {args: [], w3c: false}, chromedriverExecutableDir: /appium/assets/drivers/chro..., chromedriverPorts: [[11001, 11049]], databaseEnabled: false, desired: {autoAcceptAlerts: true, autoGrantPermissions: true, browserName: Chrome, chromeOptions: {args: [], w3c: false}, chromedriverExecutableDir: /appium/assets/drivers/chro..., chromedriverPorts: [[11001, 11049]], deviceName: Galaxy S20, headless: false, nativeWebScreenshot: true, newCommandTimeout: 0, orientation: PORTRAIT, platformName: Android, platformVersion: 10, udid: RFCN80JAWHB, waitForQuiescence: false}, deviceApiLevel: 29, deviceManufacturer: samsung, deviceModel: SM-G981U1, deviceName: RFCN80JAWHB, deviceScreenDensity: 480, deviceScreenSize: 1080x2400, deviceUDID: RFCN80JAWHB, headless: false, javascriptEnabled: true, locationContextEnabled: false, nativeWebScreenshot: true, networkConnectionEnabled: true, newCommandTimeout: 0, orientation: PORTRAIT, pixelRatio: 3, platform: ANDROID, platformName: iOS, platformVersion: 10, statBarHeight: 78, takesScreenshot: true, udid: RFCN80JAWHB, viewportRect: {height: 2100, left: 0, top: 78, width: 1080}, waitForQuiescence: false, warnings: {}, webStorageEnabled: false}
Session ID: defeeb04-56b3-4bab-9d08-762d77ad9a0e">
      <![CDATA[org.openqa.selenium.TimeoutException: Unable to find the session info for particular sessionId defeeb04-56b3-4bab-9d08-762d77ad9a0e, maybe session has quit already or timed out. (WARNING: The server did not provide any stacktrace information)
Command duration or timeout: 0 milliseconds
Build info: version: '3.14.0', revision: 'aacccce0', time: '2018-08-02T20:19:58.91Z'
System info: host: 'INBASDLP14497', ip: '10.243.208.15', os.name: 'Windows 10', os.arch: 'amd64', os.version: '10.0', java.version: '18.0.2.1'
Driver info: io.appium.java_client.ios.IOSDriver
Capabilities {appActivity: com.google.android.apps.chr..., appPackage: com.android.chrome, autoAcceptAlerts: true, autoGrantPermissions: true, browserName: Chrome, chromeOptions: {args: [], w3c: false}, chromedriverExecutableDir: /appium/assets/drivers/chro..., chromedriverPorts: [[11001, 11049]], databaseEnabled: false, desired: {autoAcceptAlerts: true, autoGrantPermissions: true, browserName: Chrome, chromeOptions: {args: [], w3c: false}, chromedriverExecutableDir: /appium/assets/drivers/chro..., chromedriverPorts: [[11001, 11049]], deviceName: Galaxy S20, headless: false, nativeWebScreenshot: true, newCommandTimeout: 0, orientation: PORTRAIT, platformName: Android, platformVersion: 10, udid: RFCN80JAWHB, waitForQuiescence: false}, deviceApiLevel: 29, deviceManufacturer: samsung, deviceModel: SM-G981U1, deviceName: RFCN80JAWHB, deviceScreenDensity: 480, deviceScreenSize: 1080x2400, deviceUDID: RFCN80JAWHB, headless: false, javascriptEnabled: true, locationContextEnabled: false, nativeWebScreenshot: true, networkConnectionEnabled: true, newCommandTimeout: 0, orientation: PORTRAIT, pixelRatio: 3, platform: ANDROID, platformName: iOS, platformVersion: 10, statBarHeight: 78, takesScreenshot: true, udid: RFCN80JAWHB, viewportRect: {height: 2100, left: 0, top: 78, width: 1080}, waitForQuiescence: false, warnings: {}, webStorageEnabled: false}
Session ID: defeeb04-56b3-4bab-9d08-762d77ad9a0e
at org.openqa.selenium.remote.ErrorHandler.createThrowable(ErrorHandler.java:214)
at org.openqa.selenium.remote.ErrorHandler.throwIfResponseFailed(ErrorHandler.java:166)
at org.openqa.selenium.remote.http.JsonHttpResponseCodec.reconstructValue(JsonHttpResponseCodec.java:40)
at org.openqa.selenium.remote.http.AbstractHttpResponseCodec.decode(AbstractHttpResponseCodec.java:80)
at org.openqa.selenium.remote.http.AbstractHttpResponseCodec.decode(AbstractHttpResponseCodec.java:44)
at org.openqa.selenium.remote.HttpCommandExecutor.execute(HttpCommandExecutor.java:158)
at io.appium.java_client.remote.AppiumCommandExecutor.execute(AppiumCommandExecutor.java:231)
at org.openqa.selenium.remote.RemoteWebDriver.execute(RemoteWebDriver.java:548)
at io.appium.java_client.DefaultGenericMobileDriver.execute(DefaultGenericMobileDriver.java:46)
at io.appium.java_client.AppiumDriver.execute(AppiumDriver.java:1)
at io.appium.java_client.ios.IOSDriver.execute(IOSDriver.java:1)
at org.openqa.selenium.remote.RemoteWebDriver.quit(RemoteWebDriver.java:448)
at globeOnline_HPW.TestGHPW_Mac.tearDown(TestGHPW_Mac.java:372)
at java.base/java.util.ArrayList.forEach(ArrayList.java:1511)
at java.base/java.util.concurrent.FutureTask.run(FutureTask.java:264)
at java.base/java.util.concurrent.ThreadPoolExecutor.runWorker(ThreadPoolExecutor.java:1136)
at java.base/java.util.concurrent.ThreadPoolExecutor$Worker.run(ThreadPoolExecutor.java:635)
at java.base/java.lang.Thread.run(Thread.java:833)
... Removed 17 stack frames]]>
    </failure>
  </testcase> <!-- @AfterClass tearDown -->
  <testcase classname="globeOnline_HPW.TestGHPW_Mac" name="testMultipleCartWithPromo" time="355.564">
    <failure type="org.openqa.selenium.ElementClickInterceptedException" message="element click intercepted: Element is not clickable at point (176, 1271)
  (Session info: chrome=122.0.6261.119)
  (Driver info: chromedriver=122.0.6261.57 (87957e464700ccf3468df47ce741e0dc089e0544-refs/branch-heads/6261@{#853}),platform=Linux 4.15.0-213-generic x86_64) (WARNING: The server did not provide any stacktrace information)
Command duration or timeout: 0 milliseconds
Build info: version: &amp;apos;3.14.0&amp;apos;, revision: &amp;apos;aacccce0&amp;apos;, time: &amp;apos;2018-08-02T20:19:58.91Z&amp;apos;
System info: host: &amp;apos;INBASDLP14497&amp;apos;, ip: &amp;apos;10.243.208.15&amp;apos;, os.name: &amp;apos;Windows 10&amp;apos;, os.arch: &amp;apos;amd64&amp;apos;, os.version: &amp;apos;10.0&amp;apos;, java.version: &amp;apos;18.0.2.1&amp;apos;
Driver info: io.appium.java_client.ios.IOSDriver
Capabilities {appActivity: com.google.android.apps.chr..., appPackage: com.android.chrome, autoAcceptAlerts: true, autoGrantPermissions: true, browserName: Chrome, chromeOptions: {args: [], w3c: false}, chromedriverExecutableDir: /appium/assets/drivers/chro..., chromedriverPorts: [[11001, 11049]], databaseEnabled: false, desired: {autoAcceptAlerts: true, autoGrantPermissions: true, browserName: Chrome, chromeOptions: {args: [], w3c: false}, chromedriverExecutableDir: /appium/assets/drivers/chro..., chromedriverPorts: [[11001, 11049]], deviceName: Galaxy S20, headless: false, nativeWebScreenshot: true, newCommandTimeout: 0, orientation: PORTRAIT, platformName: Android, platformVersion: 10, udid: RFCN80JAWHB, waitForQuiescence: false}, deviceApiLevel: 29, deviceManufacturer: samsung, deviceModel: SM-G981U1, deviceName: RFCN80JAWHB, deviceScreenDensity: 480, deviceScreenSize: 1080x2400, deviceUDID: RFCN80JAWHB, headless: false, javascriptEnabled: true, locationContextEnabled: false, nativeWebScreenshot: true, networkConnectionEnabled: true, newCommandTimeout: 0, orientation: PORTRAIT, pixelRatio: 3, platform: ANDROID, platformName: iOS, platformVersion: 10, statBarHeight: 78, takesScreenshot: true, udid: RFCN80JAWHB, viewportRect: {height: 2100, left: 0, top: 78, width: 1080}, waitForQuiescence: false, warnings: {}, webStorageEnabled: false}
Session ID: defeeb04-56b3-4bab-9d08-762d77ad9a0e">
      <![CDATA[org.openqa.selenium.ElementClickInterceptedException: element click intercepted: Element is not clickable at point (176, 1271)
  (Session info: chrome=122.0.6261.119)
  (Driver info: chromedriver=122.0.6261.57 (87957e464700ccf3468df47ce741e0dc089e0544-refs/branch-heads/6261@{#853}),platform=Linux 4.15.0-213-generic x86_64) (WARNING: The server did not provide any stacktrace information)
Command duration or timeout: 0 milliseconds
Build info: version: '3.14.0', revision: 'aacccce0', time: '2018-08-02T20:19:58.91Z'
System info: host: 'INBASDLP14497', ip: '10.243.208.15', os.name: 'Windows 10', os.arch: 'amd64', os.version: '10.0', java.version: '18.0.2.1'
Driver info: io.appium.java_client.ios.IOSDriver
Capabilities {appActivity: com.google.android.apps.chr..., appPackage: com.android.chrome, autoAcceptAlerts: true, autoGrantPermissions: true, browserName: Chrome, chromeOptions: {args: [], w3c: false}, chromedriverExecutableDir: /appium/assets/drivers/chro..., chromedriverPorts: [[11001, 11049]], databaseEnabled: false, desired: {autoAcceptAlerts: true, autoGrantPermissions: true, browserName: Chrome, chromeOptions: {args: [], w3c: false}, chromedriverExecutableDir: /appium/assets/drivers/chro..., chromedriverPorts: [[11001, 11049]], deviceName: Galaxy S20, headless: false, nativeWebScreenshot: true, newCommandTimeout: 0, orientation: PORTRAIT, platformName: Android, platformVersion: 10, udid: RFCN80JAWHB, waitForQuiescence: false}, deviceApiLevel: 29, deviceManufacturer: samsung, deviceModel: SM-G981U1, deviceName: RFCN80JAWHB, deviceScreenDensity: 480, deviceScreenSize: 1080x2400, deviceUDID: RFCN80JAWHB, headless: false, javascriptEnabled: true, locationContextEnabled: false, nativeWebScreenshot: true, networkConnectionEnabled: true, newCommandTimeout: 0, orientation: PORTRAIT, pixelRatio: 3, platform: ANDROID, platformName: iOS, platformVersion: 10, statBarHeight: 78, takesScreenshot: true, udid: RFCN80JAWHB, viewportRect: {height: 2100, left: 0, top: 78, width: 1080}, waitForQuiescence: false, warnings: {}, webStorageEnabled: false}
Session ID: defeeb04-56b3-4bab-9d08-762d77ad9a0e
at org.openqa.selenium.remote.ErrorHandler.createThrowable(ErrorHandler.java:214)
at org.openqa.selenium.remote.ErrorHandler.throwIfResponseFailed(ErrorHandler.java:166)
at org.openqa.selenium.remote.http.JsonHttpResponseCodec.reconstructValue(JsonHttpResponseCodec.java:40)
at org.openqa.selenium.remote.http.AbstractHttpResponseCodec.decode(AbstractHttpResponseCodec.java:80)
at org.openqa.selenium.remote.http.AbstractHttpResponseCodec.decode(AbstractHttpResponseCodec.java:44)
at org.openqa.selenium.remote.HttpCommandExecutor.execute(HttpCommandExecutor.java:158)
at io.appium.java_client.remote.AppiumCommandExecutor.execute(AppiumCommandExecutor.java:231)
at org.openqa.selenium.remote.RemoteWebDriver.execute(RemoteWebDriver.java:548)
at io.appium.java_client.DefaultGenericMobileDriver.execute(DefaultGenericMobileDriver.java:42)
at io.appium.java_client.AppiumDriver.execute(AppiumDriver.java:1)
at io.appium.java_client.ios.IOSDriver.execute(IOSDriver.java:1)
at org.openqa.selenium.remote.RemoteWebElement.execute(RemoteWebElement.java:276)
at io.appium.java_client.DefaultGenericMobileElement.execute(DefaultGenericMobileElement.java:45)
at io.appium.java_client.MobileElement.execute(MobileElement.java:1)
at io.appium.java_client.android.AndroidElement.execute(AndroidElement.java:1)
at org.openqa.selenium.remote.RemoteWebElement.click(RemoteWebElement.java:83)
at globeOnline_HPW.CommonMethods.clickPayOrderOnPayScreen(CommonMethods.java:1833)
at globeOnline_HPW.CommonMethods.select_payment_option_proceed_with_payment(CommonMethods.java:1083)
at globeOnline_HPW.CommonMethods.pay_via_creditCard(CommonMethods.java:2847)
at globeOnline_HPW.TestGHPW_Mac.testMultipleCartWithPromo(TestGHPW_Mac.java:312)
at java.base/java.util.ArrayList.forEach(ArrayList.java:1511)
at java.base/java.util.concurrent.FutureTask.run(FutureTask.java:264)
at java.base/java.util.concurrent.ThreadPoolExecutor.runWorker(ThreadPoolExecutor.java:1136)
at java.base/java.util.concurrent.ThreadPoolExecutor$Worker.run(ThreadPoolExecutor.java:635)
at java.base/java.lang.Thread.run(Thread.java:833)
... Removed 19 stack frames]]>
    </failure>
  </testcase> <!-- testMultipleCartWithPromo -->
</testsuite> <!-- HPW -->
