<?xml version="1.0" encoding="UTF-8"?>
<!-- Generated by org.testng.reporters.JUnitXMLReporter -->
<testsuite ignored="0" hostname="INBASDLP14497" failures="1" tests="1" name="RenewalAndroid" time="565.743" errors="0" timestamp="2024-03-15T11:24:28 IST">
  <testcase classname="globeOnline_renewal.renewal_Android" name="RENEWALScenario" time="361.209">
    <failure type="org.openqa.selenium.TimeoutException" message="we were not able to complete the request as the request timeout limit (360 second) is breached (WARNING: The server did not provide any stacktrace information)
Command duration or timeout: 0 milliseconds
Build info: version: &amp;apos;3.14.0&amp;apos;, revision: &amp;apos;aacccce0&amp;apos;, time: &amp;apos;2018-08-02T20:19:58.91Z&amp;apos;
System info: host: &amp;apos;INBASDLP14497&amp;apos;, ip: &amp;apos;10.243.208.15&amp;apos;, os.name: &amp;apos;Windows 10&amp;apos;, os.arch: &amp;apos;amd64&amp;apos;, os.version: &amp;apos;10.0&amp;apos;, java.version: &amp;apos;18.0.2.1&amp;apos;
Driver info: io.appium.java_client.ios.IOSDriver
Capabilities {appActivity: com.google.android.apps.chr..., appPackage: com.android.chrome, autoAcceptAlerts: true, autoGrantPermissions: true, browserName: Chrome, chromeOptions: {args: [], w3c: false}, chromedriverExecutableDir: /appium/assets/drivers/chro..., chromedriverPorts: [[11001, 11049]], databaseEnabled: false, desired: {autoAcceptAlerts: true, autoGrantPermissions: true, browserName: Chrome, chromeOptions: {args: [], w3c: false}, chromedriverExecutableDir: /appium/assets/drivers/chro..., chromedriverPorts: [[11001, 11049]], deviceName: Galaxy S20, headless: false, nativeWebScreenshot: true, newCommandTimeout: 0, orientation: PORTRAIT, platformName: Android, platformVersion: 11, udid: RFCN30F8MQV, waitForQuiescence: false}, deviceApiLevel: 30, deviceManufacturer: samsung, deviceModel: SCG01, deviceName: RFCN30F8MQV, deviceScreenDensity: 480, deviceScreenSize: 1080x2400, deviceUDID: RFCN30F8MQV, headless: false, javascriptEnabled: true, locationContextEnabled: false, nativeWebScreenshot: true, networkConnectionEnabled: true, newCommandTimeout: 0, orientation: PORTRAIT, pixelRatio: 3, platform: ANDROID, platformName: iOS, platformVersion: 11, statBarHeight: 78, takesScreenshot: true, udid: RFCN30F8MQV, viewportRect: {height: 2100, left: 0, top: 78, width: 1080}, waitForQuiescence: false, warnings: {}, webStorageEnabled: false}
Session ID: 1c5299ce-4da8-473e-b652-60b80c1159fb">
      <![CDATA[org.openqa.selenium.TimeoutException: we were not able to complete the request as the request timeout limit (360 second) is breached (WARNING: The server did not provide any stacktrace information)
Command duration or timeout: 0 milliseconds
Build info: version: '3.14.0', revision: 'aacccce0', time: '2018-08-02T20:19:58.91Z'
System info: host: 'INBASDLP14497', ip: '10.243.208.15', os.name: 'Windows 10', os.arch: 'amd64', os.version: '10.0', java.version: '18.0.2.1'
Driver info: io.appium.java_client.ios.IOSDriver
Capabilities {appActivity: com.google.android.apps.chr..., appPackage: com.android.chrome, autoAcceptAlerts: true, autoGrantPermissions: true, browserName: Chrome, chromeOptions: {args: [], w3c: false}, chromedriverExecutableDir: /appium/assets/drivers/chro..., chromedriverPorts: [[11001, 11049]], databaseEnabled: false, desired: {autoAcceptAlerts: true, autoGrantPermissions: true, browserName: Chrome, chromeOptions: {args: [], w3c: false}, chromedriverExecutableDir: /appium/assets/drivers/chro..., chromedriverPorts: [[11001, 11049]], deviceName: Galaxy S20, headless: false, nativeWebScreenshot: true, newCommandTimeout: 0, orientation: PORTRAIT, platformName: Android, platformVersion: 11, udid: RFCN30F8MQV, waitForQuiescence: false}, deviceApiLevel: 30, deviceManufacturer: samsung, deviceModel: SCG01, deviceName: RFCN30F8MQV, deviceScreenDensity: 480, deviceScreenSize: 1080x2400, deviceUDID: RFCN30F8MQV, headless: false, javascriptEnabled: true, locationContextEnabled: false, nativeWebScreenshot: true, networkConnectionEnabled: true, newCommandTimeout: 0, orientation: PORTRAIT, pixelRatio: 3, platform: ANDROID, platformName: iOS, platformVersion: 11, statBarHeight: 78, takesScreenshot: true, udid: RFCN30F8MQV, viewportRect: {height: 2100, left: 0, top: 78, width: 1080}, waitForQuiescence: false, warnings: {}, webStorageEnabled: false}
Session ID: 1c5299ce-4da8-473e-b652-60b80c1159fb
at org.openqa.selenium.remote.ErrorHandler.createThrowable(ErrorHandler.java:214)
at org.openqa.selenium.remote.ErrorHandler.throwIfResponseFailed(ErrorHandler.java:166)
at org.openqa.selenium.remote.http.JsonHttpResponseCodec.reconstructValue(JsonHttpResponseCodec.java:40)
at org.openqa.selenium.remote.http.AbstractHttpResponseCodec.decode(AbstractHttpResponseCodec.java:80)
at org.openqa.selenium.remote.http.AbstractHttpResponseCodec.decode(AbstractHttpResponseCodec.java:44)
at org.openqa.selenium.remote.HttpCommandExecutor.execute(HttpCommandExecutor.java:158)
at io.appium.java_client.remote.AppiumCommandExecutor.execute(AppiumCommandExecutor.java:231)
at org.openqa.selenium.remote.RemoteWebDriver.execute(RemoteWebDriver.java:548)
at io.appium.java_client.DefaultGenericMobileDriver.execute(DefaultGenericMobileDriver.java:42)
at io.appium.java_client.AppiumDriver.execute(AppiumDriver.java:1)
at io.appium.java_client.ios.IOSDriver.execute(IOSDriver.java:1)
at org.openqa.selenium.remote.RemoteWebDriver.get(RemoteWebDriver.java:276)
at globeOnline_renewal.Renewal_commonmethods.openApplication(Renewal_commonmethods.java:2726)
at globeOnline_renewal.renewal_Android.RENEWALScenario(renewal_Android.java:65)
at java.base/java.util.ArrayList.forEach(ArrayList.java:1511)
at java.base/java.util.concurrent.FutureTask.run(FutureTask.java:264)
at java.base/java.util.concurrent.ThreadPoolExecutor.runWorker(ThreadPoolExecutor.java:1136)
at java.base/java.util.concurrent.ThreadPoolExecutor$Worker.run(ThreadPoolExecutor.java:635)
at java.base/java.lang.Thread.run(Thread.java:833)
... Removed 19 stack frames]]>
    </failure>
  </testcase> <!-- RENEWALScenario -->
</testsuite> <!-- RenewalAndroid -->
